c:\lahorde\gameengine\gameengine3\engine\x64\debug\vc143.pdb
c:\lahorde\gameengine\gameengine3\engine\x64\debug\vc143.idb
c:\lahorde\gameengine\gameengine3\engine\x64\debug\renderer.obj
c:\lahorde\gameengine\gameengine3\engine\x64\debug\image.obj
c:\lahorde\gameengine\gameengine3\engine\x64\debug\button.obj
c:\lahorde\gameengine\gameengine3\engine\x64\debug\entity.obj
c:\lahorde\gameengine\gameengine3\engine\x64\debug\staticmesh.obj
c:\lahorde\gameengine\gameengine3\engine\x64\debug\material.obj
c:\lahorde\gameengine\gameengine3\engine\x64\debug\camera.obj
c:\lahorde\gameengine\gameengine3\engine\x64\debug\transformdata.obj
c:\lahorde\gameengine\gameengine3\engine\x64\debug\scene.obj
c:\lahorde\gameengine\gameengine3\engine\x64\debug\enableobject.obj
c:\lahorde\gameengine\gameengine3\x64\debug\engine.pdb
c:\lahorde\gameengine\gameengine3\x64\debug\engine.idb
c:\lahorde\gameengine\gameengine3\engine\x64\debug\shader.obj
c:\lahorde\gameengine\gameengine3\engine\x64\debug\renderobjectdata.obj
c:\lahorde\gameengine\gameengine3\engine\x64\debug\instancedmap.obj
c:\lahorde\gameengine\gameengine3\engine\x64\debug\buffer.obj
c:\lahorde\gameengine\gameengine3\engine\x64\debug\font.obj
c:\lahorde\gameengine\gameengine3\engine\x64\debug\texture.obj
c:\lahorde\gameengine\gameengine3\engine\x64\debug\meshloader.obj
c:\lahorde\gameengine\gameengine3\engine\x64\debug\mesh.obj
c:\lahorde\gameengine\gameengine3\engine\x64\debug\inputs.obj
c:\lahorde\gameengine\gameengine3\engine\x64\debug\main.obj
c:\lahorde\gameengine\gameengine3\engine\x64\debug\window.obj
c:\lahorde\gameengine\gameengine3\engine\x64\debug\vertexarray.obj
c:\lahorde\gameengine\gameengine3\engine\x64\debug\shaderprogram.obj
c:\lahorde\gameengine\gameengine3\x64\debug\engine.lib
c:\lahorde\gameengine\gameengine3\x64\debug\engine.exe
c:\lahorde\gameengine\gameengine3\engine\x64\debug\engine.ilk
c:\lahorde\gameengine\gameengine3\engine\x64\debug\engine.tlog\cl.command.1.tlog
c:\lahorde\gameengine\gameengine3\engine\x64\debug\engine.tlog\cl.items.tlog
c:\lahorde\gameengine\gameengine3\engine\x64\debug\engine.tlog\cl.read.1.tlog
c:\lahorde\gameengine\gameengine3\engine\x64\debug\engine.tlog\cl.write.1.tlog
c:\lahorde\gameengine\gameengine3\engine\x64\debug\engine.tlog\lib-link.read.1.tlog
c:\lahorde\gameengine\gameengine3\engine\x64\debug\engine.tlog\lib-link.write.1.tlog
c:\lahorde\gameengine\gameengine3\engine\x64\debug\engine.tlog\lib.command.1.tlog
c:\lahorde\gameengine\gameengine3\engine\x64\debug\engine.tlog\link.command.1.tlog
c:\lahorde\gameengine\gameengine3\engine\x64\debug\engine.tlog\link.read.1.tlog
c:\lahorde\gameengine\gameengine3\engine\x64\debug\engine.tlog\link.secondary.1.tlog
c:\lahorde\gameengine\gameengine3\engine\x64\debug\engine.tlog\link.write.1.tlog
