c:\lahorde\gameengine\gameengine3\build\gameengine3\x64_debug\vc143.pdb
c:\lahorde\gameengine\gameengine3\build\gameengine3\x64_debug\vc143.idb
c:\lahorde\gameengine\gameengine3\build\gameengine3\x64_debug\main.obj
c:\lahorde\gameengine\gameengine3\build\gameengine3\x64_debug\charactercontroller.obj
c:\lahorde\gameengine\gameengine3\build\gameengine3\x64_debug\renderer.obj
c:\lahorde\gameengine\gameengine3\build\gameengine3\x64_debug\transformdata.obj
c:\lahorde\gameengine\gameengine3\build\gameengine3\x64_debug\scene.obj
c:\lahorde\gameengine\gameengine3\build\gameengine3\x64_debug\entity.obj
c:\lahorde\gameengine\gameengine3\build\gameengine3\x64_debug\staticmesh.obj
c:\lahorde\gameengine\gameengine3\build\gameengine3\x64_debug\window.obj
c:\lahorde\gameengine\gameengine3\build\gameengine3\x64_debug\inputs.obj
c:\lahorde\gameengine\gameengine3\build\gameengine3\x64_debug\gameengine3_x64_debug.ilk
c:\lahorde\gameengine\gameengine3\build\gameengine3\x64_debug\buffer.obj
c:\lahorde\gameengine\gameengine3\build\gameengine3\x64_debug\camera.obj
c:\lahorde\gameengine\gameengine3\build\gameengine3\x64_debug\instancedmap.obj
c:\lahorde\gameengine\gameengine3\build\gameengine3\x64_debug\map.obj
c:\lahorde\gameengine\gameengine3\build\gameengine3\x64_debug\mesh.obj
c:\lahorde\gameengine\gameengine3\build\gameengine3\x64_debug\meshloader.obj
c:\lahorde\gameengine\gameengine3\build\gameengine3\x64_debug\renderobjectdata.obj
c:\lahorde\gameengine\gameengine3\build\gameengine3\x64_debug\shader.obj
c:\lahorde\gameengine\gameengine3\build\gameengine3\x64_debug\shaderprogram.obj
c:\lahorde\gameengine\gameengine3\build\gameengine3\x64_debug\texture.obj
c:\lahorde\gameengine\gameengine3\build\gameengine3\x64_debug\vertexarray.obj
c:\lahorde\gameengine\gameengine3\bin\gameengine3_x64_debug.pdb
c:\lahorde\gameengine\gameengine3\build\gameengine3\x64_debug\gameengine3.vcxproj.filelistabsolute.txt
c:\lahorde\gameengine\gameengine3\build\gameengine3\x64_debug\gameengine3.tlog\cl.command.1.tlog
c:\lahorde\gameengine\gameengine3\build\gameengine3\x64_debug\gameengine3.tlog\cl.items.tlog
c:\lahorde\gameengine\gameengine3\build\gameengine3\x64_debug\gameengine3.tlog\cl.read.1.tlog
c:\lahorde\gameengine\gameengine3\build\gameengine3\x64_debug\gameengine3.tlog\cl.write.1.tlog
c:\lahorde\gameengine\gameengine3\build\gameengine3\x64_debug\gameengine3.tlog\link-cvtres.read.1.tlog
c:\lahorde\gameengine\gameengine3\build\gameengine3\x64_debug\gameengine3.tlog\link-cvtres.write.1.tlog
c:\lahorde\gameengine\gameengine3\build\gameengine3\x64_debug\gameengine3.tlog\link-rc.read.1.tlog
c:\lahorde\gameengine\gameengine3\build\gameengine3\x64_debug\gameengine3.tlog\link-rc.write.1.tlog
c:\lahorde\gameengine\gameengine3\build\gameengine3\x64_debug\gameengine3.tlog\link.27436-cvtres.read.1.tlog
c:\lahorde\gameengine\gameengine3\build\gameengine3\x64_debug\gameengine3.tlog\link.27436-cvtres.write.1.tlog
c:\lahorde\gameengine\gameengine3\build\gameengine3\x64_debug\gameengine3.tlog\link.27436-rc.read.1.tlog
c:\lahorde\gameengine\gameengine3\build\gameengine3\x64_debug\gameengine3.tlog\link.27436-rc.write.1.tlog
c:\lahorde\gameengine\gameengine3\build\gameengine3\x64_debug\gameengine3.tlog\link.27436.read.1.tlog
c:\lahorde\gameengine\gameengine3\build\gameengine3\x64_debug\gameengine3.tlog\link.27436.read.2.tlog
c:\lahorde\gameengine\gameengine3\build\gameengine3\x64_debug\gameengine3.tlog\link.27436.write.1.tlog
c:\lahorde\gameengine\gameengine3\build\gameengine3\x64_debug\gameengine3.tlog\link.command.1.tlog
c:\lahorde\gameengine\gameengine3\build\gameengine3\x64_debug\gameengine3.tlog\link.read.1.tlog
c:\lahorde\gameengine\gameengine3\build\gameengine3\x64_debug\gameengine3.tlog\link.read.2.tlog
c:\lahorde\gameengine\gameengine3\build\gameengine3\x64_debug\gameengine3.tlog\link.read.3.tlog
c:\lahorde\gameengine\gameengine3\build\gameengine3\x64_debug\gameengine3.tlog\link.secondary.1.tlog
c:\lahorde\gameengine\gameengine3\build\gameengine3\x64_debug\gameengine3.tlog\link.write.1.tlog
