  main.cpp
C:\LaHorde\GameEngine\GameEngine3\Engine\include\me\Core\Input\Inputs.h(29,34): warning C4099: 'GLFWwindow' : nom de type déjà rencontré avec 'struct' et utilisant maintenant 'class'
  (compiler le fichier source 'src/main.cpp')
  C:\LaHorde\GameEngine\GameEngine3\Engine\include\me\Render\Window\Window.h(5,8):
  voir la déclaration de 'GLFWwindow'
  
glew32s.lib(glew.obj) : warning LNK4099: PDB '' n'a pu être trouvé avec 'glew32s.lib(glew.obj)' ou sur '' ; l'objet sera lié sans informations de débogage
MSVCRTD.lib(initializers.obj) : warning LNK4098: conflit entre la bibliothèque par défaut 'msvcrt.lib' et les autres bibliothèques ; utilisez /NODEFAULTLIB:library
MSVCRTD.lib(initializers.obj) : warning LNK4098: conflit entre la bibliothèque par défaut 'libcmt.lib' et les autres bibliothèques ; utilisez /NODEFAULTLIB:library
LINK : warning LNK4217: le symbole '__glewActiveTexture' défini dans 'glew32s.lib(glew.obj)' est importé par 'Engine.lib(Texture.obj)' dans la fonction '"public: void __cdecl me::core::render::Texture::BindTexture(unsigned int)" (?BindTexture@Texture@render@core@me@@QEAAXI@Z)'
LINK : warning LNK4217: le symbole '__glewGenerateMipmap' défini dans 'glew32s.lib(glew.obj)' est importé par 'Engine.lib(Texture.obj)' dans la fonction '"private: void __cdecl me::core::render::Texture::LoadTexture(char const *)" (?LoadTexture@Texture@render@core@me@@AEAAXPEBD@Z)'
LINK : warning LNK4217: le symbole '__glewCompileShader' défini dans 'glew32s.lib(glew.obj)' est importé par 'Engine.lib(Shader.obj)' dans la fonction '"private: void __cdecl me::render::shader::Shader::ComplieFragmentShader(char const *)" (?ComplieFragmentShader@Shader@shader@render@me@@AEAAXPEBD@Z)'
LINK : warning LNK4217: le symbole '__glewCreateShader' défini dans 'glew32s.lib(glew.obj)' est importé par 'Engine.lib(Shader.obj)' dans la fonction '"private: void __cdecl me::render::shader::Shader::ComplieFragmentShader(char const *)" (?ComplieFragmentShader@Shader@shader@render@me@@AEAAXPEBD@Z)'
LINK : warning LNK4217: le symbole '__glewDeleteShader' défini dans 'glew32s.lib(glew.obj)' est importé par 'Engine.lib(Shader.obj)' dans la fonction '"public: __cdecl me::render::shader::Shader::~Shader(void)" (??1Shader@shader@render@me@@QEAA@XZ)'
LINK : warning LNK4286: le symbole '__glewDeleteShader' défini dans 'glew32s.lib(glew.obj)' est importé par 'Engine.lib(ShaderProgram.obj)'
LINK : warning LNK4217: le symbole '__glewGetShaderInfoLog' défini dans 'glew32s.lib(glew.obj)' est importé par 'Engine.lib(Shader.obj)' dans la fonction '"private: void __cdecl me::render::shader::Shader::ComplieFragmentShader(char const *)" (?ComplieFragmentShader@Shader@shader@render@me@@AEAAXPEBD@Z)'
LINK : warning LNK4286: le symbole '__glewGetShaderInfoLog' défini dans 'glew32s.lib(glew.obj)' est importé par 'Engine.lib(ShaderProgram.obj)'
LINK : warning LNK4217: le symbole '__glewGetShaderiv' défini dans 'glew32s.lib(glew.obj)' est importé par 'Engine.lib(Shader.obj)' dans la fonction '"private: void __cdecl me::render::shader::Shader::ComplieFragmentShader(char const *)" (?ComplieFragmentShader@Shader@shader@render@me@@AEAAXPEBD@Z)'
LINK : warning LNK4217: le symbole '__glewShaderSource' défini dans 'glew32s.lib(glew.obj)' est importé par 'Engine.lib(Shader.obj)' dans la fonction '"private: void __cdecl me::render::shader::Shader::ComplieFragmentShader(char const *)" (?ComplieFragmentShader@Shader@shader@render@me@@AEAAXPEBD@Z)'
LINK : warning LNK4217: le symbole '__glewAttachShader' défini dans 'glew32s.lib(glew.obj)' est importé par 'Engine.lib(ShaderProgram.obj)' dans la fonction '"public: __cdecl me::render::shader::ShaderProgram::ShaderProgram(class me::render::shader::Shader *,class me::render::shader::Shader *)" (??0ShaderProgram@shader@render@me@@QEAA@PEAVShader@123@0@Z)'
LINK : warning LNK4217: le symbole '__glewCreateProgram' défini dans 'glew32s.lib(glew.obj)' est importé par 'Engine.lib(ShaderProgram.obj)' dans la fonction '"public: __cdecl me::render::shader::ShaderProgram::ShaderProgram(class me::render::shader::Shader *,class me::render::shader::Shader *)" (??0ShaderProgram@shader@render@me@@QEAA@PEAVShader@123@0@Z)'
LINK : warning LNK4217: le symbole '__glewDeleteProgram' défini dans 'glew32s.lib(glew.obj)' est importé par 'Engine.lib(ShaderProgram.obj)' dans la fonction '"public: __cdecl me::render::shader::ShaderProgram::~ShaderProgram(void)" (??1ShaderProgram@shader@render@me@@QEAA@XZ)'
LINK : warning LNK4217: le symbole '__glewGetProgramiv' défini dans 'glew32s.lib(glew.obj)' est importé par 'Engine.lib(ShaderProgram.obj)' dans la fonction '"public: __cdecl me::render::shader::ShaderProgram::ShaderProgram(class me::render::shader::Shader *,class me::render::shader::Shader *)" (??0ShaderProgram@shader@render@me@@QEAA@PEAVShader@123@0@Z)'
LINK : warning LNK4217: le symbole '__glewGetUniformLocation' défini dans 'glew32s.lib(glew.obj)' est importé par 'Engine.lib(ShaderProgram.obj)' dans la fonction '"public: void __cdecl me::render::shader::ShaderProgram::SetMat4(char const *,struct glm::mat<4,4,float,0> const &)" (?SetMat4@ShaderProgram@shader@render@me@@QEAAXPEBDAEBU?$mat@$03$03M$0A@@glm@@@Z)'
LINK : warning LNK4217: le symbole '__glewLinkProgram' défini dans 'glew32s.lib(glew.obj)' est importé par 'Engine.lib(ShaderProgram.obj)' dans la fonction '"public: __cdecl me::render::shader::ShaderProgram::ShaderProgram(class me::render::shader::Shader *,class me::render::shader::Shader *)" (??0ShaderProgram@shader@render@me@@QEAA@PEAVShader@123@0@Z)'
LINK : warning LNK4217: le symbole '__glewUniform1i' défini dans 'glew32s.lib(glew.obj)' est importé par 'Engine.lib(ShaderProgram.obj)' dans la fonction '"public: void __cdecl me::render::shader::ShaderProgram::SetSampler2D(char const *,int)" (?SetSampler2D@ShaderProgram@shader@render@me@@QEAAXPEBDH@Z)'
LINK : warning LNK4217: le symbole '__glewUniform2f' défini dans 'glew32s.lib(glew.obj)' est importé par 'Engine.lib(ShaderProgram.obj)' dans la fonction '"public: void __cdecl me::render::shader::ShaderProgram::SetVec2(char const *,struct glm::vec<2,float,0> const &)" (?SetVec2@ShaderProgram@shader@render@me@@QEAAXPEBDAEBU?$vec@$01M$0A@@glm@@@Z)'
LINK : warning LNK4217: le symbole '__glewUniform3f' défini dans 'glew32s.lib(glew.obj)' est importé par 'Engine.lib(ShaderProgram.obj)' dans la fonction '"public: void __cdecl me::render::shader::ShaderProgram::SetVec3(char const *,struct glm::vec<3,float,0> const &)" (?SetVec3@ShaderProgram@shader@render@me@@QEAAXPEBDAEBU?$vec@$02M$0A@@glm@@@Z)'
LINK : warning LNK4217: le symbole '__glewUniform4f' défini dans 'glew32s.lib(glew.obj)' est importé par 'Engine.lib(ShaderProgram.obj)' dans la fonction '"public: void __cdecl me::render::shader::ShaderProgram::SetVec4(char const *,struct glm::vec<4,float,0> const &)" (?SetVec4@ShaderProgram@shader@render@me@@QEAAXPEBDAEBU?$vec@$03M$0A@@glm@@@Z)'
LINK : warning LNK4217: le symbole '__glewUniformMatrix4fv' défini dans 'glew32s.lib(glew.obj)' est importé par 'Engine.lib(ShaderProgram.obj)' dans la fonction '"public: void __cdecl me::render::shader::ShaderProgram::SetMat4(char const *,struct glm::mat<4,4,float,0> const &)" (?SetMat4@ShaderProgram@shader@render@me@@QEAAXPEBDAEBU?$mat@$03$03M$0A@@glm@@@Z)'
LINK : warning LNK4217: le symbole '__glewUseProgram' défini dans 'glew32s.lib(glew.obj)' est importé par 'Engine.lib(ShaderProgram.obj)' dans la fonction '"public: void __cdecl me::render::shader::ShaderProgram::StartShaderProgram(void)" (?StartShaderProgram@ShaderProgram@shader@render@me@@QEAAXXZ)'
LINK : warning LNK4217: le symbole '__glewDeleteBuffers' défini dans 'glew32s.lib(glew.obj)' est importé par 'Engine.lib(Buffer.obj)' dans la fonction '"public: __cdecl me::render::object::Buffer::~Buffer(void)" (??1Buffer@object@render@me@@QEAA@XZ)'
LINK : warning LNK4217: le symbole '__glewCreateBuffers' défini dans 'glew32s.lib(glew.obj)' est importé par 'Engine.lib(Buffer.obj)' dans la fonction '"public: __cdecl me::render::object::Buffer::Buffer(void)" (??0Buffer@object@render@me@@QEAA@XZ)'
LINK : warning LNK4217: le symbole '__glewMapNamedBufferRange' défini dans 'glew32s.lib(glew.obj)' est importé par 'Engine.lib(Buffer.obj)' dans la fonction '"public: void __cdecl me::render::object::Buffer::InitBuffer(int,void *)" (?InitBuffer@Buffer@object@render@me@@QEAAXHPEAX@Z)'
LINK : warning LNK4217: le symbole '__glewNamedBufferStorage' défini dans 'glew32s.lib(glew.obj)' est importé par 'Engine.lib(Buffer.obj)' dans la fonction '"public: void __cdecl me::render::object::Buffer::InitBuffer(int,void *)" (?InitBuffer@Buffer@object@render@me@@QEAAXHPEAX@Z)'
LINK : warning LNK4217: le symbole '__glewNamedBufferSubData' défini dans 'glew32s.lib(glew.obj)' est importé par 'Engine.lib(Buffer.obj)' dans la fonction '"public: void __cdecl me::render::object::Buffer::SubData(int,int,void *)" (?SubData@Buffer@object@render@me@@QEAAXHHPEAX@Z)'
LINK : warning LNK4217: le symbole '__glewUnmapNamedBuffer' défini dans 'glew32s.lib(glew.obj)' est importé par 'Engine.lib(Buffer.obj)' dans la fonction '"public: __cdecl me::render::object::Buffer::~Buffer(void)" (??1Buffer@object@render@me@@QEAA@XZ)'
LINK : warning LNK4217: le symbole '__glewVertexAttribDivisor' défini dans 'glew32s.lib(glew.obj)' est importé par 'Engine.lib(VertexArray.obj)' dans la fonction '"public: void __cdecl me::render::object::VertexArrayObject::BindAttribDivisor(int,int)" (?BindAttribDivisor@VertexArrayObject@object@render@me@@QEAAXHH@Z)'
LINK : warning LNK4217: le symbole '__glewCreateVertexArrays' défini dans 'glew32s.lib(glew.obj)' est importé par 'Engine.lib(VertexArray.obj)' dans la fonction '"public: __cdecl me::render::object::VertexArrayObject::VertexArrayObject(void)" (??0VertexArrayObject@object@render@me@@QEAA@XZ)'
LINK : warning LNK4217: le symbole '__glewEnableVertexArrayAttrib' défini dans 'glew32s.lib(glew.obj)' est importé par 'Engine.lib(VertexArray.obj)' dans la fonction '"public: void __cdecl me::render::object::VertexArrayObject::AttributeBinding(int,int,int,unsigned int,unsigned int,int)" (?AttributeBinding@VertexArrayObject@object@render@me@@QEAAXHHHIIH@Z)'
LINK : warning LNK4217: le symbole '__glewVertexArrayAttribBinding' défini dans 'glew32s.lib(glew.obj)' est importé par 'Engine.lib(VertexArray.obj)' dans la fonction '"public: void __cdecl me::render::object::VertexArrayObject::AttributeBinding(int,int,int,unsigned int,unsigned int,int)" (?AttributeBinding@VertexArrayObject@object@render@me@@QEAAXHHHIIH@Z)'
LINK : warning LNK4217: le symbole '__glewVertexArrayAttribFormat' défini dans 'glew32s.lib(glew.obj)' est importé par 'Engine.lib(VertexArray.obj)' dans la fonction '"public: void __cdecl me::render::object::VertexArrayObject::AttributeBinding(int,int,int,unsigned int,unsigned int,int)" (?AttributeBinding@VertexArrayObject@object@render@me@@QEAAXHHHIIH@Z)'
LINK : warning LNK4217: le symbole '__glewVertexArrayBindingDivisor' défini dans 'glew32s.lib(glew.obj)' est importé par 'Engine.lib(VertexArray.obj)' dans la fonction '"public: void __cdecl me::render::object::VertexArrayObject::BindMapBuffer(int,int)" (?BindMapBuffer@VertexArrayObject@object@render@me@@QEAAXHH@Z)'
LINK : warning LNK4217: le symbole '__glewVertexArrayElementBuffer' défini dans 'glew32s.lib(glew.obj)' est importé par 'Engine.lib(VertexArray.obj)' dans la fonction '"public: void __cdecl me::render::object::VertexArrayObject::BindElementBuffer(class me::render::object::Buffer *)" (?BindElementBuffer@VertexArrayObject@object@render@me@@QEAAXPEAVBuffer@234@@Z)'
LINK : warning LNK4217: le symbole '__glewVertexArrayVertexBuffer' défini dans 'glew32s.lib(glew.obj)' est importé par 'Engine.lib(VertexArray.obj)' dans la fonction '"private: void __cdecl me::render::object::VertexArrayObject::BindingBuffer(int,int,class me::render::object::Buffer *,int)" (?BindingBuffer@VertexArrayObject@object@render@me@@AEAAXHHPEAVBuffer@234@H@Z)'
LINK : warning LNK4217: le symbole '__glewBindVertexArray' défini dans 'glew32s.lib(glew.obj)' est importé par 'Engine.lib(VertexArray.obj)' dans la fonction '"public: void __cdecl me::render::object::VertexArrayObject::BindVertexArray(void)" (?BindVertexArray@VertexArrayObject@object@render@me@@QEAAXXZ)'
LINK : warning LNK4217: le symbole '__glewDeleteVertexArrays' défini dans 'glew32s.lib(glew.obj)' est importé par 'Engine.lib(VertexArray.obj)' dans la fonction '"public: __cdecl me::render::object::VertexArrayObject::~VertexArrayObject(void)" (??1VertexArrayObject@object@render@me@@QEAA@XZ)'
  Game.vcxproj -> C:\LaHorde\GameEngine\GameEngine3\bin\Game.exe
